<?xml version="1.0" encoding="UTF-8"?>
<!-- Generated by org.testng.reporters.JUnitReportReporter -->
<testsuite skipped="0" hostname="DESKTOP-EGTVRB8" name="QATestRahul.MavenJava.APITest" tests="2" failures="0" timestamp="17 May 2020 09:51:12 GMT" time="0.012" errors="0">
  <testcase name="postJIRA" time="0.012" classname="QATestRahul.MavenJava.APITest"/>
  <testcase name="twitterAPI" time="0.000" classname="QATestRahul.MavenJava.APITest"/>
</testsuite> <!-- QATestRahul.MavenJava.APITest -->
