<?xml version="1.0" encoding="UTF-8"?>
<!-- Generated by org.testng.reporters.JUnitReportReporter -->
<testsuite skipped="0" hostname="DESKTOP-EGTVRB8" name="QATestRahul.MavenJava.appiumTest" tests="2" failures="0" timestamp="17 May 2020 09:51:12 GMT" time="0.000" errors="0">
  <testcase name="nativeApp" time="0.000" classname="QATestRahul.MavenJava.appiumTest"/>
  <testcase name="IOSapp" time="0.000" classname="QATestRahul.MavenJava.appiumTest"/>
</testsuite> <!-- QATestRahul.MavenJava.appiumTest -->
